Removed Pin From Net: NetName=GND Pin=-2
Removed Pin From Net: NetName=GND Pin=C1-2
Removed Pin From Net: NetName=GND Pin=C2-1
Removed Pin From Net: NetName=GND Pin=C3-1
Removed Pin From Net: NetName=GND Pin=C4-2
Removed Pin From Net: NetName=GND Pin=C5-1
Removed Pin From Net: NetName=GND Pin=C6-1
Removed Pin From Net: NetName=GND Pin=C7-1
Removed Pin From Net: NetName=GND Pin=C8-1
Removed Pin From Net: NetName=GND Pin=CHANRE-1
Removed Pin From Net: NetName=GND Pin=gestureControl-5
Removed Pin From Net: NetName=GND Pin=LI-0
Removed Pin From Net: NetName=GND Pin=oled-1
Removed Pin From Net: NetName=GND Pin=pinHeaderLift-4
Removed Pin From Net: NetName=GND Pin=pinHeaderRight-2
Removed Pin From Net: NetName=GND Pin=Pqd1-1
Removed Pin From Net: NetName=GND Pin=Pqd2-7
Removed Pin From Net: NetName=GND Pin=sw1-1
Removed Pin From Net: NetName=GND Pin=sw2-1
Removed Pin From Net: NetName=GND Pin=U1-2
Removed Pin From Net: NetName=GND Pin=U2-2
Removed Pin From Net: NetName=GND Pin=ultrasonic-5
Change Component Designator: OldDesignator= NewDesignator=C22
Added Component: Designator=ADC(HDR1X4)
Add component. Clean all parameters for all variants
Add component (AddParameter): Name = "LatestRevisionDate"; Value = "17-Jul-2002"; VariantName = "[No Variations]"
Add component (AddParameter): Name = "LatestRevisionNote"; Value = "Re-released for DXP Platform."; VariantName = "[No Variations]"
Add component (AddParameter): Name = "Publisher"; Value = "Altium Limited"; VariantName = "[No Variations]"
Added Pin To Net: NetName=P6.3 Pin=ADC-1
Added Pin To Net: NetName=P6.2 Pin=ADC-2
Added Pin To Net: NetName=P6.1 Pin=ADC-3
Added Pin To Net: NetName=P6.0 Pin=ADC-4
Change Net Name : Old Net Name=GND New Net Name=NetP14_2
Added Pin To Net: NetName=NetC1_2 Pin=C1-2
Added Pin To Net: NetName=NetC1_2 Pin=C2-1
Added Pin To Net: NetName=NetC1_2 Pin=C3-1
Added Pin To Net: NetName=NetC1_2 Pin=C4-2
Added Pin To Net: NetName=NetC1_2 Pin=U2-2
Added Net: Name=NetC1_2
Added Pin To Net: NetName=NetC5_1 Pin=C5-1
Added Pin To Net: NetName=NetC5_1 Pin=C6-1
Added Pin To Net: NetName=NetC5_1 Pin=C7-1
Added Pin To Net: NetName=NetC5_1 Pin=C8-1
Added Pin To Net: NetName=NetC5_1 Pin=U1-2
Added Net: Name=NetC5_1
Added Pin To Net: NetName=NetC22_2 Pin=C22-2
Added Pin To Net: NetName=NetC22_2 Pin=CHANRE-1
Added Pin To Net: NetName=NetC22_2 Pin=LI-0
Added Pin To Net: NetName=NetC22_2 Pin=sw1-1
Added Pin To Net: NetName=NetC22_2 Pin=sw2-1
Added Net: Name=NetC22_2
Added Member To Class: ClassName=devBoard Member=Component ADC Header 4
Added Member To Class: ClassName=devBoard Member=Component C22 
Added Member To Class: ClassName=devBoard Member=Component oled Header 6
Added Member To Class: ClassName=devBoard Member=Component U1 asm1117
Added Member To Class: ClassName=devBoard Member=Component U2 LM2940CT-5.0
Added Room: Name=devBoard
