Removed Pin From Net: NetName=GND Pin=3.3V-1
Removed Pin From Net: NetName=3.3v Pin=3.3V-2
Removed Pin From Net: NetName=GND Pin=3.3V-3
Removed Pin From Net: NetName=3.3v Pin=3.3V-4
Removed Pin From Net: NetName=GND Pin=3.3V-5
Removed Pin From Net: NetName=3.3v Pin=3.3V-6
Removed Pin From Net: NetName=GND Pin=3.3V-7
Removed Pin From Net: NetName=3.3v Pin=3.3V-8
Removed Pin From Net: NetName=GND Pin=3.3V-9
Removed Pin From Net: NetName=3.3v Pin=3.3V-10
Removed Pin From Net: NetName=GND Pin=3.3V-11
Removed Pin From Net: NetName=3.3v Pin=3.3V-12
Removed Pin From Net: NetName=GND Pin=5V-1
Removed Pin From Net: NetName=+5 Pin=5V-2
Removed Pin From Net: NetName=GND Pin=5V-3
Removed Pin From Net: NetName=+5 Pin=5V-4
Removed Pin From Net: NetName=GND Pin=5V-5
Removed Pin From Net: NetName=+5 Pin=5V-6
Removed Pin From Net: NetName=GND Pin=5V-7
Removed Pin From Net: NetName=+5 Pin=5V-8
Removed Pin From Net: NetName=GND Pin=5V-9
Removed Pin From Net: NetName=+5 Pin=5V-10
Removed Pin From Net: NetName=GND Pin=5V-11
Removed Pin From Net: NetName=+5 Pin=5V-12
Removed Member From Class: ClassName=devBoard Member=3.3V
Removed Member From Class: ClassName=devBoard Member=5V
Change Component Designator: OldDesignator=A NewDesignator=k1
Change Component Designator: OldDesignator=B NewDesignator=k2
Change Component Designator: OldDesignator=gesture NewDesignator=gestureControl
Change Component Designator: OldDesignator=swb NewDesignator=sw2
Change Component Designator: OldDesignator=swc NewDesignator=sw1
Added Component: Designator=P14(HDR2X14)
Add component. Clean all parameters for all variants
Add component (AddParameter): Name = "LatestRevisionDate"; Value = "17-Jul-2002"; VariantName = "[No Variations]"
Add component (AddParameter): Name = "LatestRevisionNote"; Value = "Re-released for DXP Platform."; VariantName = "[No Variations]"
Add component (AddParameter): Name = "Publisher"; Value = "Altium Limited"; VariantName = "[No Variations]"
Added Pin To Net: NetName=+5 Pin=P14-1
Added Pin To Net: NetName=GND Pin=P14-2
Added Pin To Net: NetName=+5 Pin=P14-3
Added Pin To Net: NetName=GND Pin=P14-4
Added Pin To Net: NetName=+5 Pin=P14-5
Added Pin To Net: NetName=GND Pin=P14-6
Added Pin To Net: NetName=+5 Pin=P14-7
Added Pin To Net: NetName=GND Pin=P14-8
Added Pin To Net: NetName=+5 Pin=P14-9
Added Pin To Net: NetName=GND Pin=P14-10
Added Pin To Net: NetName=+5 Pin=P14-11
Added Pin To Net: NetName=GND Pin=P14-12
Added Pin To Net: NetName=+5 Pin=P14-13
Added Pin To Net: NetName=GND Pin=P14-14
Added Pin To Net: NetName=3.3v Pin=P14-15
Added Pin To Net: NetName=GND Pin=P14-16
Added Pin To Net: NetName=3.3v Pin=P14-17
Added Pin To Net: NetName=GND Pin=P14-18
Added Pin To Net: NetName=3.3v Pin=P14-19
Added Pin To Net: NetName=GND Pin=P14-20
Added Pin To Net: NetName=3.3v Pin=P14-21
Added Pin To Net: NetName=GND Pin=P14-22
Added Pin To Net: NetName=3.3v Pin=P14-23
Added Pin To Net: NetName=GND Pin=P14-24
Added Pin To Net: NetName=3.3v Pin=P14-25
Added Pin To Net: NetName=GND Pin=P14-26
Added Pin To Net: NetName=3.3v Pin=P14-27
Added Pin To Net: NetName=GND Pin=P14-28
Added Member To Class: ClassName=devBoard Member=Component P14 Header 14X2
Added Member To Class: ClassName=devBoard Member=Component sw2 ´¬ÐÍ¿ª¹Ø 3½Å
Added Room: Name=devBoard
