Removed Pin From Net: NetName=+5 Pin=P14-1
Removed Pin From Net: NetName=GND Pin=P14-2
Removed Pin From Net: NetName=+5 Pin=P14-3
Removed Pin From Net: NetName=GND Pin=P14-4
Removed Pin From Net: NetName=+5 Pin=P14-5
Removed Pin From Net: NetName=GND Pin=P14-6
Removed Pin From Net: NetName=+5 Pin=P14-7
Removed Pin From Net: NetName=GND Pin=P14-8
Removed Pin From Net: NetName=+5 Pin=P14-9
Removed Pin From Net: NetName=GND Pin=P14-10
Removed Pin From Net: NetName=+5 Pin=P14-11
Removed Pin From Net: NetName=GND Pin=P14-12
Removed Pin From Net: NetName=+5 Pin=P14-13
Removed Pin From Net: NetName=GND Pin=P14-14
Removed Pin From Net: NetName=3.3v Pin=P14-15
Removed Pin From Net: NetName=GND Pin=P14-16
Removed Pin From Net: NetName=3.3v Pin=P14-17
Removed Pin From Net: NetName=GND Pin=P14-18
Removed Pin From Net: NetName=3.3v Pin=P14-19
Removed Pin From Net: NetName=GND Pin=P14-20
Removed Pin From Net: NetName=3.3v Pin=P14-21
Removed Pin From Net: NetName=GND Pin=P14-22
Removed Pin From Net: NetName=3.3v Pin=P14-23
Removed Pin From Net: NetName=GND Pin=P14-24
Removed Pin From Net: NetName=3.3v Pin=P14-25
Removed Pin From Net: NetName=GND Pin=P14-26
Removed Pin From Net: NetName=3.3v Pin=P14-27
Removed Pin From Net: NetName=GND Pin=P14-28
Removed Member From Class: ClassName=devBoard Member=P14
Added Component: Designator=P?(HDR2X4)
Add component. Clean all parameters for all variants
Add component (AddParameter): Name = "LatestRevisionDate"; Value = "17-Jul-2002"; VariantName = "[No Variations]"
Add component (AddParameter): Name = "LatestRevisionNote"; Value = "Re-released for DXP Platform."; VariantName = "[No Variations]"
Add component (AddParameter): Name = "Publisher"; Value = "Altium Limited"; VariantName = "[No Variations]"
Added Pin To Net: NetName=+5 Pin=P?-1
Added Pin To Net: NetName=GND Pin=P?-2
Added Pin To Net: NetName=+5 Pin=P?-3
Added Pin To Net: NetName=GND Pin=P?-4
Added Pin To Net: NetName=3.3v Pin=P?-5
Added Pin To Net: NetName=GND Pin=P?-6
Added Pin To Net: NetName=3.3v Pin=P?-7
Added Pin To Net: NetName=GND Pin=P?-8
Added Member To Class: ClassName=devBoard Member=Component P? Header 4X2
Added Room: Name=devBoard
