Change Component Designator: OldDesignator=C? NewDesignator=C1
Change Component Designator: OldDesignator=C? NewDesignator=C2
Change Component Designator: OldDesignator=C? NewDesignator=C3
Change Component Designator: OldDesignator=C? NewDesignator=C4
Change Component Designator: OldDesignator=C? NewDesignator=C5
Change Component Designator: OldDesignator=C? NewDesignator=C6
Change Component Designator: OldDesignator=C? NewDesignator=C7
Change Component Designator: OldDesignator=C? NewDesignator=C8
Change Component Designator: OldDesignator=C? NewDesignator=C9
Added Pin To Net: NetName=NetC1_2 Pin=C1-2
Added Pin To Net: NetName=NetC1_2 Pin=S?-1
Added Net: Name=NetC1_2
Added Member To Class: ClassName=Sheet1 Member=Component C1 Cap
Added Member To Class: ClassName=Sheet1 Member=Component C2 Cap Pol2
Added Member To Class: ClassName=Sheet1 Member=Component C3 Cap
Added Member To Class: ClassName=Sheet1 Member=Component C4 Cap
Added Member To Class: ClassName=Sheet1 Member=Component C5 Cap Pol2
Added Member To Class: ClassName=Sheet1 Member=Component C7 Cap
Added Member To Class: ClassName=Sheet1 Member=Component C8 Cap
Added Member To Class: ClassName=Sheet1 Member=Component C9 Cap
Added Member To Class: ClassName=Sheet1 Member=Component P? Header 6X2
Added Member To Class: ClassName=Sheet1 Member=Component P? Header 6X2
Added Member To Class: ClassName=Sheet1 Member=Component P? Header 10X2
Added Member To Class: ClassName=Sheet1 Member=Component P? Header 2
Added Member To Class: ClassName=Sheet1 Member=Component P? Header 2
Added Member To Class: ClassName=Sheet1 Member=Component S? µ¥µ¶¿ª¹Ø
Added Member To Class: ClassName=Sheet1 Member=Component U? LM2940
Added Room: Name=Sheet1
