Added Component: Designator=DJ 1(HDR2X1_A)
Add component. Clean all parameters for all variants
Add component (AddParameter): Name = "LatestRevisionDate"; Value = "17-Jul-2002"; VariantName = "[No Variations]"
Add component (AddParameter): Name = "LatestRevisionNote"; Value = "Re-released for DXP Platform."; VariantName = "[No Variations]"
Add component (AddParameter): Name = "Publisher"; Value = "Altium Limited"; VariantName = "[No Variations]"
Added Component: Designator=DJ 2(HDR2X1_A)
Add component. Clean all parameters for all variants
Add component (AddParameter): Name = "LatestRevisionDate"; Value = "17-Jul-2002"; VariantName = "[No Variations]"
Add component (AddParameter): Name = "LatestRevisionNote"; Value = "Re-released for DXP Platform."; VariantName = "[No Variations]"
Add component (AddParameter): Name = "Publisher"; Value = "Altium Limited"; VariantName = "[No Variations]"
Added Component: Designator=OLED(HDR1X6)
Add component. Clean all parameters for all variants
Add component (AddParameter): Name = "LatestRevisionDate"; Value = "17-Jul-2002"; VariantName = "[No Variations]"
Add component (AddParameter): Name = "LatestRevisionNote"; Value = "Re-released for DXP Platform."; VariantName = "[No Variations]"
Add component (AddParameter): Name = "Publisher"; Value = "Altium Limited"; VariantName = "[No Variations]"
Added Component: Designator=qudong 1(HDR1X7)
Add component. Clean all parameters for all variants
Add component (AddParameter): Name = "LatestRevisionDate"; Value = "17-Jul-2002"; VariantName = "[No Variations]"
Add component (AddParameter): Name = "LatestRevisionNote"; Value = "Re-released for DXP Platform."; VariantName = "[No Variations]"
Add component (AddParameter): Name = "Publisher"; Value = "Altium Limited"; VariantName = "[No Variations]"
Added Component: Designator=qudong 2(HDR1X7)
Add component. Clean all parameters for all variants
Add component (AddParameter): Name = "LatestRevisionDate"; Value = "17-Jul-2002"; VariantName = "[No Variations]"
Add component (AddParameter): Name = "LatestRevisionNote"; Value = "Re-released for DXP Platform."; VariantName = "[No Variations]"
Add component (AddParameter): Name = "Publisher"; Value = "Altium Limited"; VariantName = "[No Variations]"
Added Pin To Net: NetName=GND Pin=OLED-6
Added Pin To Net: NetName=GND Pin=qudong 1-1
Added Pin To Net: NetName=+5 Pin=qudong 1-3
Added Pin To Net: NetName=GND Pin=qudong 2-1
Added Pin To Net: NetName=+5 Pin=qudong 2-3
Added Pin To Net: NetName=NetDJ 1_1 Pin=DJ 1-1
Added Pin To Net: NetName=NetDJ 1_1 Pin=qudong 1-7
Added Net: Name=NetDJ 1_1
Added Pin To Net: NetName=NetDJ 1_2 Pin=DJ 1-2
Added Pin To Net: NetName=NetDJ 1_2 Pin=qudong 1-6
Added Net: Name=NetDJ 1_2
Added Pin To Net: NetName=NetDJ 2_1 Pin=DJ 2-1
Added Pin To Net: NetName=NetDJ 2_1 Pin=qudong 2-7
Added Net: Name=NetDJ 2_1
Added Pin To Net: NetName=NetDJ 2_2 Pin=DJ 2-2
Added Pin To Net: NetName=NetDJ 2_2 Pin=qudong 2-6
Added Net: Name=NetDJ 2_2
Added Pin To Net: NetName=Çý¶¯ Pin=qudong 1-2
Added Net: Name=Çý¶¯
Added Member To Class: ClassName=Sheet1 Member=Component DJ 1 Header 2
Added Member To Class: ClassName=Sheet1 Member=Component DJ 2 Header 2
Added Member To Class: ClassName=Sheet1 Member=Component OLED Header 6
Added Member To Class: ClassName=Sheet1 Member=Component qudong 1 Header 7
Added Member To Class: ClassName=Sheet1 Member=Component qudong 2 Header 7
Added Room: Name=Sheet1
