Added Component: Designator=3.3V-pinHeader(HDR2X6)
Add component. Clean all parameters for all variants
Add component (AddParameter): Name = "LatestRevisionDate"; Value = "17-Jul-2002"; VariantName = "[No Variations]"
Add component (AddParameter): Name = "LatestRevisionNote"; Value = "Re-released for DXP Platform."; VariantName = "[No Variations]"
Add component (AddParameter): Name = "Publisher"; Value = "Altium Limited"; VariantName = "[No Variations]"
Added Component: Designator=5V-pinHeader(HDR2X6)
Add component. Clean all parameters for all variants
Add component (AddParameter): Name = "LatestRevisionDate"; Value = "17-Jul-2002"; VariantName = "[No Variations]"
Add component (AddParameter): Name = "LatestRevisionNote"; Value = "Re-released for DXP Platform."; VariantName = "[No Variations]"
Add component (AddParameter): Name = "Publisher"; Value = "Altium Limited"; VariantName = "[No Variations]"
Added Component: Designator=ADC(HDR1X4)
Add component. Clean all parameters for all variants
Add component (AddParameter): Name = "LatestRevisionDate"; Value = "17-Jul-2002"; VariantName = "[No Variations]"
Add component (AddParameter): Name = "LatestRevisionNote"; Value = "Re-released for DXP Platform."; VariantName = "[No Variations]"
Add component (AddParameter): Name = "Publisher"; Value = "Altium Limited"; VariantName = "[No Variations]"
Added Component: Designator=bluetooth(HDR1X4)
Add component. Clean all parameters for all variants
Add component (AddParameter): Name = "LatestRevisionDate"; Value = "17-Jul-2002"; VariantName = "[No Variations]"
Add component (AddParameter): Name = "LatestRevisionNote"; Value = "Re-released for DXP Platform."; VariantName = "[No Variations]"
Add component (AddParameter): Name = "Publisher"; Value = "Altium Limited"; VariantName = "[No Variations]"
Added Component: Designator=C1(POLAR0.8)
Add component. Clean all parameters for all variants
Add component (AddParameter): Name = "LatestRevisionDate"; Value = "17-Jul-2002"; VariantName = "[No Variations]"
Add component (AddParameter): Name = "LatestRevisionNote"; Value = "Re-released for DXP Platform."; VariantName = "[No Variations]"
Add component (AddParameter): Name = "PackageDescription"; Value = "Polarized Capacitor; 2 Leads"; VariantName = "[No Variations]"
Add component (AddParameter): Name = "PackageReference"; Value = "POLAR0.8"; VariantName = "[No Variations]"
Add component (AddParameter): Name = "Published"; Value = "8-Jun-2000"; VariantName = "[No Variations]"
Add component (AddParameter): Name = "Publisher"; Value = "Altium Limited"; VariantName = "[No Variations]"
Add component (AddParameter): Name = "Value"; Value = "107"; VariantName = "[No Variations]"
Added Component: Designator=C2(RAD-0.3)
Add component. Clean all parameters for all variants
Add component (AddParameter): Name = "LatestRevisionDate"; Value = "17-Jul-2002"; VariantName = "[No Variations]"
Add component (AddParameter): Name = "LatestRevisionNote"; Value = "Re-released for DXP Platform."; VariantName = "[No Variations]"
Add component (AddParameter): Name = "PackageDescription"; Value = "Radial Cap, Thru-Hole; 2 Leads; 0.3 in Pin Spacing"; VariantName = "[No Variations]"
Add component (AddParameter): Name = "PackageReference"; Value = "RAD-0.3"; VariantName = "[No Variations]"
Add component (AddParameter): Name = "Published"; Value = "8-Jun-2000"; VariantName = "[No Variations]"
Add component (AddParameter): Name = "Publisher"; Value = "Altium Limited"; VariantName = "[No Variations]"
Add component (AddParameter): Name = "Value"; Value = "104"; VariantName = "[No Variations]"
Added Component: Designator=C3(RAD-0.3)
Add component. Clean all parameters for all variants
Add component (AddParameter): Name = "LatestRevisionDate"; Value = "17-Jul-2002"; VariantName = "[No Variations]"
Add component (AddParameter): Name = "LatestRevisionNote"; Value = "Re-released for DXP Platform."; VariantName = "[No Variations]"
Add component (AddParameter): Name = "PackageDescription"; Value = "Radial Cap, Thru-Hole; 2 Leads; 0.3 in Pin Spacing"; VariantName = "[No Variations]"
Add component (AddParameter): Name = "PackageReference"; Value = "RAD-0.3"; VariantName = "[No Variations]"
Add component (AddParameter): Name = "Published"; Value = "8-Jun-2000"; VariantName = "[No Variations]"
Add component (AddParameter): Name = "Publisher"; Value = "Altium Limited"; VariantName = "[No Variations]"
Add component (AddParameter): Name = "Value"; Value = "104"; VariantName = "[No Variations]"
Added Component: Designator=C4(POLAR0.8)
Add component. Clean all parameters for all variants
Add component (AddParameter): Name = "LatestRevisionDate"; Value = "17-Jul-2002"; VariantName = "[No Variations]"
Add component (AddParameter): Name = "LatestRevisionNote"; Value = "Re-released for DXP Platform."; VariantName = "[No Variations]"
Add component (AddParameter): Name = "PackageDescription"; Value = "Polarized Capacitor; 2 Leads"; VariantName = "[No Variations]"
Add component (AddParameter): Name = "PackageReference"; Value = "POLAR0.8"; VariantName = "[No Variations]"
Add component (AddParameter): Name = "Published"; Value = "8-Jun-2000"; VariantName = "[No Variations]"
Add component (AddParameter): Name = "Publisher"; Value = "Altium Limited"; VariantName = "[No Variations]"
Add component (AddParameter): Name = "Value"; Value = "107"; VariantName = "[No Variations]"
Added Component: Designator=C5(RAD-0.3)
Add component. Clean all parameters for all variants
Add component (AddParameter): Name = "LatestRevisionDate"; Value = "17-Jul-2002"; VariantName = "[No Variations]"
Add component (AddParameter): Name = "LatestRevisionNote"; Value = "Re-released for DXP Platform."; VariantName = "[No Variations]"
Add component (AddParameter): Name = "PackageDescription"; Value = "Radial Cap, Thru-Hole; 2 Leads; 0.3 in Pin Spacing"; VariantName = "[No Variations]"
Add component (AddParameter): Name = "PackageReference"; Value = "RAD-0.3"; VariantName = "[No Variations]"
Add component (AddParameter): Name = "Published"; Value = "8-Jun-2000"; VariantName = "[No Variations]"
Add component (AddParameter): Name = "Publisher"; Value = "Altium Limited"; VariantName = "[No Variations]"
Add component (AddParameter): Name = "Value"; Value = "106"; VariantName = "[No Variations]"
Added Component: Designator=C6(RAD-0.3)
Add component. Clean all parameters for all variants
Add component (AddParameter): Name = "LatestRevisionDate"; Value = "17-Jul-2002"; VariantName = "[No Variations]"
Add component (AddParameter): Name = "LatestRevisionNote"; Value = "Re-released for DXP Platform."; VariantName = "[No Variations]"
Add component (AddParameter): Name = "PackageDescription"; Value = "Radial Cap, Thru-Hole; 2 Leads; 0.3 in Pin Spacing"; VariantName = "[No Variations]"
Add component (AddParameter): Name = "PackageReference"; Value = "RAD-0.3"; VariantName = "[No Variations]"
Add component (AddParameter): Name = "Published"; Value = "8-Jun-2000"; VariantName = "[No Variations]"
Add component (AddParameter): Name = "Publisher"; Value = "Altium Limited"; VariantName = "[No Variations]"
Add component (AddParameter): Name = "Value"; Value = "104"; VariantName = "[No Variations]"
Added Component: Designator=C7(RAD-0.3)
Add component. Clean all parameters for all variants
Add component (AddParameter): Name = "LatestRevisionDate"; Value = "17-Jul-2002"; VariantName = "[No Variations]"
Add component (AddParameter): Name = "LatestRevisionNote"; Value = "Re-released for DXP Platform."; VariantName = "[No Variations]"
Add component (AddParameter): Name = "PackageDescription"; Value = "Radial Cap, Thru-Hole; 2 Leads; 0.3 in Pin Spacing"; VariantName = "[No Variations]"
Add component (AddParameter): Name = "PackageReference"; Value = "RAD-0.3"; VariantName = "[No Variations]"
Add component (AddParameter): Name = "Published"; Value = "8-Jun-2000"; VariantName = "[No Variations]"
Add component (AddParameter): Name = "Publisher"; Value = "Altium Limited"; VariantName = "[No Variations]"
Add component (AddParameter): Name = "Value"; Value = "106"; VariantName = "[No Variations]"
Added Component: Designator=C8(RAD-0.3)
Add component. Clean all parameters for all variants
Add component (AddParameter): Name = "LatestRevisionDate"; Value = "17-Jul-2002"; VariantName = "[No Variations]"
Add component (AddParameter): Name = "LatestRevisionNote"; Value = "Re-released for DXP Platform."; VariantName = "[No Variations]"
Add component (AddParameter): Name = "PackageDescription"; Value = "Radial Cap, Thru-Hole; 2 Leads; 0.3 in Pin Spacing"; VariantName = "[No Variations]"
Add component (AddParameter): Name = "PackageReference"; Value = "RAD-0.3"; VariantName = "[No Variations]"
Add component (AddParameter): Name = "Published"; Value = "8-Jun-2000"; VariantName = "[No Variations]"
Add component (AddParameter): Name = "Publisher"; Value = "Altium Limited"; VariantName = "[No Variations]"
Add component (AddParameter): Name = "Value"; Value = "104"; VariantName = "[No Variations]"
Added Component: Designator=C9(RAD-0.3)
Add component. Clean all parameters for all variants
Add component (AddParameter): Name = "LatestRevisionDate"; Value = "17-Jul-2002"; VariantName = "[No Variations]"
Add component (AddParameter): Name = "LatestRevisionNote"; Value = "Re-released for DXP Platform."; VariantName = "[No Variations]"
Add component (AddParameter): Name = "PackageDescription"; Value = "Radial Cap, Thru-Hole; 2 Leads; 0.3 in Pin Spacing"; VariantName = "[No Variations]"
Add component (AddParameter): Name = "PackageReference"; Value = "RAD-0.3"; VariantName = "[No Variations]"
Add component (AddParameter): Name = "Published"; Value = "8-Jun-2000"; VariantName = "[No Variations]"
Add component (AddParameter): Name = "Publisher"; Value = "Altium Limited"; VariantName = "[No Variations]"
Add component (AddParameter): Name = "Value"; Value = "220uf"; VariantName = "[No Variations]"
Added Component: Designator=Charge(HDR1X2)
Add component. Clean all parameters for all variants
Add component (AddParameter): Name = "LatestRevisionDate"; Value = "17-Jul-2002"; VariantName = "[No Variations]"
Add component (AddParameter): Name = "LatestRevisionNote"; Value = "Re-released for DXP Platform."; VariantName = "[No Variations]"
Add component (AddParameter): Name = "Publisher"; Value = "Altium Limited"; VariantName = "[No Variations]"
Added Component: Designator=CoC(DPDT-6)
Add component. Clean all parameters for all variants
Add component (AddParameter): Name = "LatestRevisionDate"; Value = "17-Jul-2002"; VariantName = "[No Variations]"
Add component (AddParameter): Name = "LatestRevisionNote"; Value = "Re-released for DXP Platform."; VariantName = "[No Variations]"
Add component (AddParameter): Name = "PackageDescription"; Value = "Switch; 6 Leads"; VariantName = "[No Variations]"
Add component (AddParameter): Name = "PackageReference"; Value = "DPDT-6"; VariantName = "[No Variations]"
Add component (AddParameter): Name = "Published"; Value = "24-Mar-1999"; VariantName = "[No Variations]"
Add component (AddParameter): Name = "Publisher"; Value = "Altium Limited"; VariantName = "[No Variations]"
Added Component: Designator=Li-ion(HDR1X2)
Add component. Clean all parameters for all variants
Add component (AddParameter): Name = "LatestRevisionDate"; Value = "17-Jul-2002"; VariantName = "[No Variations]"
Add component (AddParameter): Name = "LatestRevisionNote"; Value = "Re-released for DXP Platform."; VariantName = "[No Variations]"
Add component (AddParameter): Name = "Publisher"; Value = "Altium Limited"; VariantName = "[No Variations]"
Added Component: Designator=motorDrive(HDR1X4)
Add component. Clean all parameters for all variants
Add component (AddParameter): Name = "LatestRevisionDate"; Value = "17-Jul-2002"; VariantName = "[No Variations]"
Add component (AddParameter): Name = "LatestRevisionNote"; Value = "Re-released for DXP Platform."; VariantName = "[No Variations]"
Add component (AddParameter): Name = "Publisher"; Value = "Altium Limited"; VariantName = "[No Variations]"
Added Component: Designator=oled(HDR1X6)
Add component. Clean all parameters for all variants
Add component (AddParameter): Name = "LatestRevisionDate"; Value = "17-Jul-2002"; VariantName = "[No Variations]"
Add component (AddParameter): Name = "LatestRevisionNote"; Value = "Re-released for DXP Platform."; VariantName = "[No Variations]"
Add component (AddParameter): Name = "Publisher"; Value = "Altium Limited"; VariantName = "[No Variations]"
Added Component: Designator=pinHeaderLift(HDR2X10)
Add component. Clean all parameters for all variants
Add component (AddParameter): Name = "LatestRevisionDate"; Value = "17-Jul-2002"; VariantName = "[No Variations]"
Add component (AddParameter): Name = "LatestRevisionNote"; Value = "Re-released for DXP Platform."; VariantName = "[No Variations]"
Add component (AddParameter): Name = "Publisher"; Value = "Altium Limited"; VariantName = "[No Variations]"
Added Component: Designator=pinHeaderRight(HDR2X10)
Add component. Clean all parameters for all variants
Add component (AddParameter): Name = "LatestRevisionDate"; Value = "17-Jul-2002"; VariantName = "[No Variations]"
Add component (AddParameter): Name = "LatestRevisionNote"; Value = "Re-released for DXP Platform."; VariantName = "[No Variations]"
Add component (AddParameter): Name = "Publisher"; Value = "Altium Limited"; VariantName = "[No Variations]"
Added Component: Designator=S3(SW_PB2_A1)
Add component. Clean all parameters for all variants
Add component (AddParameter): Name = "LatestRevisionDate"; Value = "17-Jul-2002"; VariantName = "[No Variations]"
Add component (AddParameter): Name = "LatestRevisionNote"; Value = "Re-released for DXP Platform."; VariantName = "[No Variations]"
Add component (AddParameter): Name = "PackageReference"; Value = "SPST-2"; VariantName = "[No Variations]"
Add component (AddParameter): Name = "Published"; Value = "24-Mar-1999"; VariantName = "[No Variations]"
Add component (AddParameter): Name = "Publisher"; Value = "Altium Limited"; VariantName = "[No Variations]"
Added Component: Designator=S4(SW_PB2_A1)
Add component. Clean all parameters for all variants
Add component (AddParameter): Name = "LatestRevisionDate"; Value = "17-Jul-2002"; VariantName = "[No Variations]"
Add component (AddParameter): Name = "LatestRevisionNote"; Value = "Re-released for DXP Platform."; VariantName = "[No Variations]"
Add component (AddParameter): Name = "PackageReference"; Value = "SPST-2"; VariantName = "[No Variations]"
Add component (AddParameter): Name = "Published"; Value = "24-Mar-1999"; VariantName = "[No Variations]"
Add component (AddParameter): Name = "Publisher"; Value = "Altium Limited"; VariantName = "[No Variations]"
Added Component: Designator=S5(SW_PB2_A1)
Add component. Clean all parameters for all variants
Add component (AddParameter): Name = "LatestRevisionDate"; Value = "17-Jul-2002"; VariantName = "[No Variations]"
Add component (AddParameter): Name = "LatestRevisionNote"; Value = "Re-released for DXP Platform."; VariantName = "[No Variations]"
Add component (AddParameter): Name = "PackageReference"; Value = "SPST-2"; VariantName = "[No Variations]"
Add component (AddParameter): Name = "Published"; Value = "24-Mar-1999"; VariantName = "[No Variations]"
Add component (AddParameter): Name = "Publisher"; Value = "Altium Limited"; VariantName = "[No Variations]"
Added Component: Designator=(T03B)
Add component. Clean all parameters for all variants
Add component (AddParameter): Name = "ComponentLink1Description"; Value = "Manufacturer Link"; VariantName = "[No Variations]"
Add component (AddParameter): Name = "ComponentLink1URL"; Value = "http://www.national.com/"; VariantName = "[No Variations]"
Add component (AddParameter): Name = "ComponentLink2Description"; Value = "Datasheet"; VariantName = "[No Variations]"
Add component (AddParameter): Name = "ComponentLink2URL"; Value = "http://www.national.com/ds.cgi/LM/LM2940.pdf"; VariantName = "[No Variations]"
Add component (AddParameter): Name = "ComponentLink3Description"; Value = "URL Link1"; VariantName = "[No Variations]"
Add component (AddParameter): Name = "ComponentLink3URL"; Value = "http://www.national.com/pf/LM/LM2940C.html"; VariantName = "[No Variations]"
Add component (AddParameter): Name = "DatasheetVersion"; Value = "Jun-1999"; VariantName = "[No Variations]"
Add component (AddParameter): Name = "Note"; Value = "Tab is connected to GND"; VariantName = "[No Variations]"
Add component (AddParameter): Name = "PackageDescription"; Value = "TO, Thru-Hole, Vertical, Heatsink Mounted; 3 In-Line Leads; Pitch 2.54 mm"; VariantName = "[No Variations]"
Add component (AddParameter): Name = "PackageReference"; Value = "T03B"; VariantName = "[No Variations]"
Add component (AddParameter): Name = "PackageVersion"; Value = "1995"; VariantName = "[No Variations]"
Add component (AddParameter): Name = "Published"; Value = "15-Apr-2002"; VariantName = "[No Variations]"
Add component (AddParameter): Name = "Publisher"; Value = "Altium Limited"; VariantName = "[No Variations]"
Added Component: Designator=(T03B)
Add component. Clean all parameters for all variants
Add component (AddParameter): Name = "ComponentLink1Description"; Value = "Manufacturer Link"; VariantName = "[No Variations]"
Add component (AddParameter): Name = "ComponentLink1URL"; Value = "http://www.national.com/"; VariantName = "[No Variations]"
Add component (AddParameter): Name = "ComponentLink2Description"; Value = "Datasheet"; VariantName = "[No Variations]"
Add component (AddParameter): Name = "ComponentLink2URL"; Value = "http://www.national.com/ds.cgi/LM/LM2940.pdf"; VariantName = "[No Variations]"
Add component (AddParameter): Name = "ComponentLink3Description"; Value = "URL Link1"; VariantName = "[No Variations]"
Add component (AddParameter): Name = "ComponentLink3URL"; Value = "http://www.national.com/pf/LM/LM2940C.html"; VariantName = "[No Variations]"
Add component (AddParameter): Name = "DatasheetVersion"; Value = "Jun-1999"; VariantName = "[No Variations]"
Add component (AddParameter): Name = "Note"; Value = "Tab is connected to GND"; VariantName = "[No Variations]"
Add component (AddParameter): Name = "PackageDescription"; Value = "TO, Thru-Hole, Vertical, Heatsink Mounted; 3 In-Line Leads; Pitch 2.54 mm"; VariantName = "[No Variations]"
Add component (AddParameter): Name = "PackageReference"; Value = "T03B"; VariantName = "[No Variations]"
Add component (AddParameter): Name = "PackageVersion"; Value = "1995"; VariantName = "[No Variations]"
Add component (AddParameter): Name = "Published"; Value = "15-Apr-2002"; VariantName = "[No Variations]"
Add component (AddParameter): Name = "Publisher"; Value = "Altium Limited"; VariantName = "[No Variations]"
Added Pin To Net: NetName=+5 Pin=5V-pinHeader-2
Added Pin To Net: NetName=+5 Pin=5V-pinHeader-4
Added Pin To Net: NetName=+5 Pin=5V-pinHeader-6
Added Pin To Net: NetName=+5 Pin=5V-pinHeader-8
Added Pin To Net: NetName=+5 Pin=5V-pinHeader-10
Added Pin To Net: NetName=+5 Pin=5V-pinHeader-12
Added Pin To Net: NetName=+5 Pin=pinHeaderLift-2
Added Net: Name=+5
Added Pin To Net: NetName=3.3v Pin=-3
Added Pin To Net: NetName=3.3v Pin=3.3V-pinHeader-2
Added Pin To Net: NetName=3.3v Pin=3.3V-pinHeader-4
Added Pin To Net: NetName=3.3v Pin=3.3V-pinHeader-6
Added Pin To Net: NetName=3.3v Pin=3.3V-pinHeader-8
Added Pin To Net: NetName=3.3v Pin=3.3V-pinHeader-10
Added Pin To Net: NetName=3.3v Pin=3.3V-pinHeader-12
Added Pin To Net: NetName=3.3v Pin=bluetooth-4
Added Pin To Net: NetName=3.3v Pin=C7-2
Added Pin To Net: NetName=3.3v Pin=C8-2
Added Pin To Net: NetName=3.3v Pin=oled-5
Added Pin To Net: NetName=3.3v Pin=pinHeaderLift-1
Added Net: Name=3.3v
Added Pin To Net: NetName=5v Pin=-1
Added Pin To Net: NetName=5v Pin=-3
Added Pin To Net: NetName=5v Pin=C3-2
Added Pin To Net: NetName=5v Pin=C4-1
Added Pin To Net: NetName=5v Pin=C5-2
Added Pin To Net: NetName=5v Pin=C6-2
Added Net: Name=5v
Added Pin To Net: NetName=7.2v Pin=-1
Added Pin To Net: NetName=7.2v Pin=C1-1
Added Pin To Net: NetName=7.2v Pin=C2-2
Added Pin To Net: NetName=7.2v Pin=CoC-2
Added Net: Name=7.2v
Added Pin To Net: NetName=GND Pin=-2
Added Pin To Net: NetName=GND Pin=-2
Added Pin To Net: NetName=GND Pin=3.3V-pinHeader-1
Added Pin To Net: NetName=GND Pin=3.3V-pinHeader-3
Added Pin To Net: NetName=GND Pin=3.3V-pinHeader-5
Added Pin To Net: NetName=GND Pin=3.3V-pinHeader-7
Added Pin To Net: NetName=GND Pin=3.3V-pinHeader-9
Added Pin To Net: NetName=GND Pin=3.3V-pinHeader-11
Added Pin To Net: NetName=GND Pin=5V-pinHeader-1
Added Pin To Net: NetName=GND Pin=5V-pinHeader-3
Added Pin To Net: NetName=GND Pin=5V-pinHeader-5
Added Pin To Net: NetName=GND Pin=5V-pinHeader-7
Added Pin To Net: NetName=GND Pin=5V-pinHeader-9
Added Pin To Net: NetName=GND Pin=5V-pinHeader-11
Added Pin To Net: NetName=GND Pin=bluetooth-3
Added Pin To Net: NetName=GND Pin=C1-2
Added Pin To Net: NetName=GND Pin=C2-1
Added Pin To Net: NetName=GND Pin=C3-1
Added Pin To Net: NetName=GND Pin=C4-2
Added Pin To Net: NetName=GND Pin=C5-1
Added Pin To Net: NetName=GND Pin=C6-1
Added Pin To Net: NetName=GND Pin=C7-1
Added Pin To Net: NetName=GND Pin=C8-1
Added Pin To Net: NetName=GND Pin=Charge-2
Added Pin To Net: NetName=GND Pin=CoC-5
Added Pin To Net: NetName=GND Pin=CoC-6
Added Pin To Net: NetName=GND Pin=oled-6
Added Pin To Net: NetName=GND Pin=pinHeaderLift-4
Added Pin To Net: NetName=GND Pin=pinHeaderRight-2
Added Pin To Net: NetName=GND Pin=S3-2
Added Pin To Net: NetName=GND Pin=S4-2
Added Pin To Net: NetName=GND Pin=S5-2
Added Net: Name=GND
Added Pin To Net: NetName=NetC9_1 Pin=C9-1
Added Pin To Net: NetName=NetC9_1 Pin=CoC-4
Added Pin To Net: NetName=NetC9_1 Pin=Li-ion-1
Added Net: Name=NetC9_1
Added Pin To Net: NetName=NetC9_2 Pin=C9-2
Added Pin To Net: NetName=NetC9_2 Pin=CoC-1
Added Pin To Net: NetName=NetC9_2 Pin=Li-ion-2
Added Net: Name=NetC9_2
Added Pin To Net: NetName=NetCharge_1 Pin=Charge-1
Added Pin To Net: NetName=NetCharge_1 Pin=CoC-3
Added Net: Name=NetCharge_1
Added Pin To Net: NetName=P1.2 Pin=pinHeaderRight-11
Added Net: Name=P1.2
Added Pin To Net: NetName=P1.3 Pin=pinHeaderRight-9
Added Net: Name=P1.3
Added Pin To Net: NetName=P1.4 Pin=motorDrive-1
Added Pin To Net: NetName=P1.4 Pin=pinHeaderRight-7
Added Net: Name=P1.4
Added Pin To Net: NetName=P1.5 Pin=motorDrive-2
Added Pin To Net: NetName=P1.5 Pin=pinHeaderRight-5
Added Net: Name=P1.5
Added Pin To Net: NetName=P1.6 Pin=pinHeaderLift-9
Added Net: Name=P1.6
Added Pin To Net: NetName=P2.0 Pin=pinHeaderRight-4
Added Net: Name=P2.0
Added Pin To Net: NetName=P2.2 Pin=pinHeaderRight-6
Added Net: Name=P2.2
Added Pin To Net: NetName=P2.3 Pin=pinHeaderRight-18
Added Pin To Net: NetName=P2.3 Pin=S4-1
Added Net: Name=P2.3
Added Pin To Net: NetName=P2.4 Pin=motorDrive-3
Added Pin To Net: NetName=P2.4 Pin=pinHeaderRight-3
Added Net: Name=P2.4
Added Pin To Net: NetName=P2.5 Pin=motorDrive-4
Added Pin To Net: NetName=P2.5 Pin=pinHeaderRight-1
Added Net: Name=P2.5
Added Pin To Net: NetName=P2.6 Pin=pinHeaderRight-16
Added Pin To Net: NetName=P2.6 Pin=S3-1
Added Net: Name=P2.6
Added Pin To Net: NetName=P2.7 Pin=pinHeaderLift-15
Added Net: Name=P2.7
Added Pin To Net: NetName=P3.0 Pin=pinHeaderRight-12
Added Net: Name=P3.0
Added Pin To Net: NetName=P3.1 Pin=pinHeaderRight-14
Added Net: Name=P3.1
Added Pin To Net: NetName=P3.2 Pin=pinHeaderLift-13
Added Net: Name=P3.2
Added Pin To Net: NetName=P3.3 Pin=bluetooth-1
Added Pin To Net: NetName=P3.3 Pin=pinHeaderLift-7
Added Net: Name=P3.3
Added Pin To Net: NetName=P3.4 Pin=bluetooth-2
Added Pin To Net: NetName=P3.4 Pin=pinHeaderLift-5
Added Net: Name=P3.4
Added Pin To Net: NetName=P3.5 Pin=pinHeaderLift-20
Added Net: Name=P3.5
Added Pin To Net: NetName=P3.6 Pin=pinHeaderLift-18
Added Net: Name=P3.6
Added Pin To Net: NetName=P3.7 Pin=oled-2
Added Pin To Net: NetName=P3.7 Pin=pinHeaderRight-17
Added Net: Name=P3.7
Added Pin To Net: NetName=P4.0 Pin=oled-3
Added Pin To Net: NetName=P4.0 Pin=pinHeaderRight-15
Added Net: Name=P4.0
Added Pin To Net: NetName=P4.1 Pin=pinHeaderLift-19
Added Net: Name=P4.1
Added Pin To Net: NetName=P4.2 Pin=pinHeaderLift-17
Added Net: Name=P4.2
Added Pin To Net: NetName=P4.3 Pin=pinHeaderRight-13
Added Net: Name=P4.3
Added Pin To Net: NetName=P4.5 Pin=oled-4
Added Net: Name=P4.5
Added Pin To Net: NetName=P6.0 Pin=ADC-4
Added Pin To Net: NetName=P6.0 Pin=pinHeaderLift-6
Added Net: Name=P6.0
Added Pin To Net: NetName=P6.1 Pin=ADC-3
Added Pin To Net: NetName=P6.1 Pin=pinHeaderLift-8
Added Net: Name=P6.1
Added Pin To Net: NetName=P6.2 Pin=ADC-2
Added Pin To Net: NetName=P6.2 Pin=pinHeaderLift-10
Added Net: Name=P6.2
Added Pin To Net: NetName=P6.3 Pin=ADC-1
Added Pin To Net: NetName=P6.3 Pin=pinHeaderLift-12
Added Net: Name=P6.3
Added Pin To Net: NetName=P6.4 Pin=pinHeaderLift-14
Added Net: Name=P6.4
Added Pin To Net: NetName=P6.5 Pin=pinHeaderLift-3
Added Net: Name=P6.5
Added Pin To Net: NetName=P6.6 Pin=pinHeaderLift-11
Added Net: Name=P6.6
Added Pin To Net: NetName=P7.0 Pin=pinHeaderLift-16
Added Net: Name=P7.0
Added Pin To Net: NetName=P7.4 Pin=pinHeaderRight-8
Added Net: Name=P7.4
Added Pin To Net: NetName=P8.1 Pin=pinHeaderRight-20
Added Pin To Net: NetName=P8.1 Pin=S5-1
Added Net: Name=P8.1
Added Pin To Net: NetName=P8.2 Pin=oled-1
Added Pin To Net: NetName=P8.2 Pin=pinHeaderRight-19
Added Net: Name=P8.2
Added Pin To Net: NetName=RST Pin=pinHeaderRight-10
Added Net: Name=RST
Added Class: Name=VRM
Added Room: Name=VRM
