Removed Pin From Net: NetName=3.3v Pin=P?-5
Change Component Footprint: Designator=P? Old Footprint=HDR2X4 New Footprint=HDR2X6
Change Component Comment : Designator=LM1117 Old Comment=asm1117 New Comment=
Change Component Comment : Designator=P? Old Comment=Header 4X2 New Comment=Header 6X2
Change Component Comment : Designator=LM2940 Old Comment=LM2940CT-5.0 New Comment=
Change Component Designator: OldDesignator= NewDesignator=qd1
Change Component Designator: OldDesignator= NewDesignator=qd2
Added Pin To Net: NetName=+5 Pin=P?-5
Added Pin To Net: NetName=3.3v Pin=P?-9
Added Pin To Net: NetName=GND Pin=P?-10
Added Pin To Net: NetName=3.3v Pin=P?-11
Added Pin To Net: NetName=GND Pin=P?-12
Change Net Name : Old Net Name=Net_1 New Net Name=Net_2
Change Net Name : Old Net Name=Net_1 New Net Name=Net_7
Change Net Name : Old Net Name=Net_2 New Net Name=Net_6
Added Member To Class: ClassName=devBoard Member=Component gestureControl Header 6
Added Member To Class: ClassName=devBoard Member=Component oled Header 6
Added Member To Class: ClassName=devBoard Member=Component P? Header 6X2
Added Member To Class: ClassName=devBoard Member=Component qd1 Header 2
Added Member To Class: ClassName=devBoard Member=Component qd2 Header 2
Added Member To Class: ClassName=devBoard Member=Component  Header 7
Added Member To Class: ClassName=devBoard Member=Component  Header 7
Added Room: Name=devBoard
