Removed Pin From Net: NetName=GND Pin=Battery-0
Removed Pin From Net: NetName=NetC9_2 Pin=Charge-0
Removed Pin From Net: NetName=GND Pin=Charge-1
Removed Member From Class: ClassName=devBoard Member=Battery
Removed Member From Class: ClassName=devBoard Member=Charge
Added Component: Designator=pb(HDR1X2)
Add component. Clean all parameters for all variants
Add component (AddParameter): Name = "LatestRevisionDate"; Value = "17-Jul-2002"; VariantName = "[No Variations]"
Add component (AddParameter): Name = "LatestRevisionNote"; Value = "Re-released for DXP Platform."; VariantName = "[No Variations]"
Add component (AddParameter): Name = "Publisher"; Value = "Altium Limited"; VariantName = "[No Variations]"
Added Component: Designator=pc(HDR1X2)
Add component. Clean all parameters for all variants
Add component (AddParameter): Name = "LatestRevisionDate"; Value = "17-Jul-2002"; VariantName = "[No Variations]"
Add component (AddParameter): Name = "LatestRevisionNote"; Value = "Re-released for DXP Platform."; VariantName = "[No Variations]"
Add component (AddParameter): Name = "Publisher"; Value = "Altium Limited"; VariantName = "[No Variations]"
Added Pin To Net: NetName=GND Pin=pb-2
Added Pin To Net: NetName=GND Pin=pc-1
Added Pin To Net: NetName=NetC9_2 Pin=pc-2
Added Pin To Net: NetName=Netpb_1 Pin=pb-1
Added Pin To Net: NetName=Netpb_1 Pin=sw2-3
Added Net: Name=Netpb_1
Added Member To Class: ClassName=devBoard Member=Component pb Header 2
Added Member To Class: ClassName=devBoard Member=Component pc Header 2
Added Member To Class: ClassName=devBoard Member=Component  Header 7
Added Room: Name=devBoard
