Removed Pin From Net: NetName=P2.7 Pin=gesture-2
Removed Pin From Net: NetName=P4.1 Pin=gesture-3
Removed Pin From Net: NetName=P4.2 Pin=gesture-4
Removed Pin From Net: NetName=GND Pin=gesture-5
Removed Pin From Net: NetName=3.3v Pin=gesture-6
Removed Pin From Net: NetName=3.3v Pin=OLED-2
Removed Pin From Net: NetName=P4.3 Pin=OLED-3
Removed Pin From Net: NetName=P4.0 Pin=OLED-4
Removed Pin From Net: NetName=P3.7 Pin=OLED-5
Removed Pin From Net: NetName=P8.2 Pin=OLED-6
Removed Pin From Net: NetName=GND Pin=port-1
Removed Pin From Net: NetName=3.3v Pin=port-2
Removed Pin From Net: NetName=GND Pin=port-3
Removed Pin From Net: NetName=3.3v Pin=port-4
Removed Pin From Net: NetName=GND Pin=port-5
Removed Pin From Net: NetName=3.3v Pin=port-6
Removed Pin From Net: NetName=GND Pin=port-7
Removed Pin From Net: NetName=+5 Pin=port-8
Removed Pin From Net: NetName=GND Pin=port-9
Removed Pin From Net: NetName=+5 Pin=port-10
Removed Pin From Net: NetName=GND Pin=port-11
Removed Pin From Net: NetName=+5 Pin=port-12
Added Component: Designator=gestureControl(HDR1X6)
Add component. Clean all parameters for all variants
Add component (AddParameter): Name = "LatestRevisionDate"; Value = "17-Jul-2002"; VariantName = "[No Variations]"
Add component (AddParameter): Name = "LatestRevisionNote"; Value = "Re-released for DXP Platform."; VariantName = "[No Variations]"
Add component (AddParameter): Name = "Publisher"; Value = "Altium Limited"; VariantName = "[No Variations]"
Added Component: Designator=P?(HDR2X4)
Add component. Clean all parameters for all variants
Add component (AddParameter): Name = "LatestRevisionDate"; Value = "17-Jul-2002"; VariantName = "[No Variations]"
Add component (AddParameter): Name = "LatestRevisionNote"; Value = "Re-released for DXP Platform."; VariantName = "[No Variations]"
Add component (AddParameter): Name = "Publisher"; Value = "Altium Limited"; VariantName = "[No Variations]"
Added Pin To Net: NetName=+5 Pin=-5
Added Pin To Net: NetName=P2.7 Pin=gestureControl-2
Added Pin To Net: NetName=P4.1 Pin=gestureControl-3
Added Pin To Net: NetName=P4.2 Pin=gestureControl-4
Added Pin To Net: NetName=GND Pin=gestureControl-5
Added Pin To Net: NetName=3.3v Pin=gestureControl-6
Added Pin To Net: NetName=P4.3 Pin=OLED-2
Added Pin To Net: NetName=P4.0 Pin=OLED-3
Added Pin To Net: NetName=P3.7 Pin=OLED-4
Added Pin To Net: NetName=P8.2 Pin=OLED-5
Added Pin To Net: NetName=3.3v Pin=OLED-6
Added Pin To Net: NetName=+5 Pin=P?-1
Added Pin To Net: NetName=GND Pin=P?-2
Added Pin To Net: NetName=+5 Pin=P?-3
Added Pin To Net: NetName=GND Pin=P?-4
Added Pin To Net: NetName=3.3v Pin=P?-5
Added Pin To Net: NetName=GND Pin=P?-6
Added Pin To Net: NetName=3.3v Pin=P?-7
Added Pin To Net: NetName=GND Pin=P?-8
Change Net Name : Old Net Name=NetLI_1 New Net Name=NetBattery_1
Change Net Name : Old Net Name=NetPpp1_1 New Net Name=Net_1
Change Net Name : Old Net Name=NetPpp1_2 New Net Name=Net_2
Change Net Name : Old Net Name=Netppp2_1 New Net Name=Net_1
Change Net Name : Old Net Name=Netppp2_2 New Net Name=Net_1
Added Member To Class: ClassName=devBoard Member=Component gestureControl Header 6
Added Member To Class: ClassName=devBoard Member=Component oled Header 6
Added Member To Class: ClassName=devBoard Member=Component P? Header 4X2
Added Member To Class: ClassName=devBoard Member=Component  Header 7
Added Member To Class: ClassName=devBoard Member=Component  Header 2
Added Member To Class: ClassName=devBoard Member=Component  Header 7
Added Room: Name=devBoard
